00:11:39.301 [main]INFO  com.automationexcercise.automationUtilities.BaseSteps - Browser info passed from command line is :null
00:11:39.389 [main]INFO  com.automationexcercise.testCases.TC02_UserLogin - Click on signUp Or Log in Link
00:11:39.414 [main]INFO  com.automationexcercise.automationUtilities.BaseSteps - Browser info passed from command line is :null
00:11:39.432 [main]INFO  com.automationexcercise.testCases.TC01_OpenLoginPage - Click on signUp Or Log in Link
00:14:40.666 [main]INFO  com.automationexcercise.automationUtilities.BaseSteps - Browser info passed from command line is :null
00:14:40.715 [main]INFO  com.automationexcercise.testCases.TC02_UserLogin - Click on signUp Or Log in Link
00:14:40.728 [main]INFO  com.automationexcercise.automationUtilities.BaseSteps - Browser info passed from command line is :null
00:14:40.733 [main]INFO  com.automationexcercise.testCases.TC01_OpenLoginPage - Click on signUp Or Log in Link
00:34:56.828 [main]INFO  com.automationexcercise.automationUtilities.BaseSteps - Browser info passed from command line is :null
00:34:56.892 [main]INFO  com.automationexcercise.testCases.TC02_UserLogin - Click on signUp Or Log in Link
00:34:56.909 [main]INFO  com.automationexcercise.automationUtilities.BaseSteps - Browser info passed from command line is :null
00:34:56.914 [main]INFO  com.automationexcercise.testCases.TC01_OpenLoginPage - Click on signUp Or Log in Link
00:49:23.689 [main]INFO  com.automationexcercise.automationUtilities.BaseSteps - Browser info passed from command line is :null
00:49:23.730 [main]INFO  com.automationexcercise.testCases.TC01_OpenLoginPage - Click on signUp Or Log in Link
00:52:05.257 [main]INFO  com.automationexcercise.automationUtilities.BaseSteps - Browser info passed from command line is :null
00:52:05.322 [main]INFO  com.automationexcercise.testCases.TC02_UserLogin - Click on signUp Or Log in Link
00:52:05.337 [main]INFO  com.automationexcercise.automationUtilities.BaseSteps - Browser info passed from command line is :null
00:52:05.341 [main]INFO  com.automationexcercise.testCases.TC01_OpenLoginPage - Click on signUp Or Log in Link
00:55:29.665 [main]INFO  com.automationexcercise.automationUtilities.BaseSteps - Browser info passed from command line is :chrome
00:55:30.104 [main]INFO  io.github.bonigarcia.wdm.WebDriverManager - Using chromedriver 127.0.6533.119 (resolved driver for Chrome 127)
00:55:30.125 [main]INFO  io.github.bonigarcia.wdm.WebDriverManager - Exporting webdriver.chrome.driver as C:\Users\dhawa\.cache\selenium\chromedriver\win64\127.0.6533.119\chromedriver.exe
00:55:31.697 [main]INFO  com.automationexcercise.automationUtilities.BaseSteps - url  from .properties file is :https://automationexercise.com/
00:55:31.697 [main]INFO  com.automationexcercise.automationUtilities.BaseSteps - Navigating to the URL
00:55:34.446 [main]INFO  com.automationexcercise.testCases.TC02_UserLogin - Click on signUp Or Log in Link
00:55:35.528 [main]INFO  com.automationexcercise.pageClasses.HomePage - Clicked on Sign up or Log in Link
00:55:35.529 [main]INFO  com.automationexcercise.testCases.TC02_UserLogin - verify page title
00:55:35.531 [main]INFO  com.automationexcercise.pageClasses.SignUpLoginPage - Expected page title is: Automation Exercise - Signup / Login
00:55:35.544 [main]INFO  com.automationexcercise.pageClasses.SignUpLoginPage - Actual Page tile is matching with expected page title value
00:55:35.546 [main]INFO  com.automationexcercise.testCases.TC02_UserLogin - Enter  user name
00:55:35.757 [main]INFO  com.automationexcercise.pageClasses.SignUpLoginPage - Entered user name : QAAutomationClasses@gmail.com
00:55:35.760 [main]INFO  com.automationexcercise.testCases.TC02_UserLogin - Enter  password
00:55:35.893 [main]INFO  com.automationexcercise.pageClasses.SignUpLoginPage - Entered password : QAAutomationClasses
00:55:35.896 [main]INFO  com.automationexcercise.testCases.TC02_UserLogin - Click login Button
00:55:37.421 [main]INFO  com.automationexcercise.pageClasses.SignUpLoginPage - Successfully clicked on login button
00:55:37.424 [main]INFO  com.automationexcercise.testCases.TC02_UserLogin - Verify User home page title
00:55:37.424 [main]INFO  com.automationexcercise.pageClasses.UserHomePage - Expected page title is: Automation Exercise
00:55:37.446 [main]INFO  com.automationexcercise.pageClasses.UserHomePage - Actual Page tile is matching with expected page title value
00:55:37.452 [main]INFO  com.automationexcercise.testCases.TC02_UserLogin - Click logout link
00:55:38.840 [main]INFO  com.automationexcercise.pageClasses.UserHomePage - Clicked on logout link
00:55:39.180 [main]INFO  com.automationexcercise.automationUtilities.BaseSteps - Closed  browser driver 
00:55:39.180 [main]INFO  com.automationexcercise.automationUtilities.BaseSteps - Browser info passed from command line is :chrome
00:55:39.242 [main]INFO  io.github.bonigarcia.wdm.WebDriverManager - Using chromedriver 127.0.6533.119 (resolved driver for Chrome 127)
00:55:39.274 [main]INFO  io.github.bonigarcia.wdm.WebDriverManager - Exporting webdriver.chrome.driver as C:\Users\dhawa\.cache\selenium\chromedriver\win64\127.0.6533.119\chromedriver.exe
00:55:39.953 [main]INFO  com.automationexcercise.automationUtilities.BaseSteps - url  from .properties file is :https://automationexercise.com/
00:55:39.954 [main]INFO  com.automationexcercise.automationUtilities.BaseSteps - Navigating to the URL
00:55:42.646 [main]INFO  com.automationexcercise.testCases.TC01_OpenLoginPage - Click on signUp Or Log in Link
00:55:44.874 [main]INFO  com.automationexcercise.pageClasses.HomePage - Clicked on Sign up or Log in Link
00:55:44.875 [main]INFO  com.automationexcercise.testCases.TC01_OpenLoginPage - verify page title
00:55:44.876 [main]INFO  com.automationexcercise.pageClasses.SignUpLoginPage - Expected page title is: Automation Exercise - Signup / Login
00:55:44.887 [main]INFO  com.automationexcercise.pageClasses.SignUpLoginPage - Actual Page tile is matching with expected page title value
00:55:45.113 [main]INFO  com.automationexcercise.automationUtilities.BaseSteps - Closed  browser driver 
00:56:40.839 [TestNG-tests-1]INFO  com.automationexcercise.automationUtilities.BaseSteps - Browser info passed from command line is :chrome
00:56:41.258 [TestNG-tests-2]INFO  com.automationexcercise.automationUtilities.BaseSteps - Browser info passed from command line is :chrome
00:56:41.323 [TestNG-tests-2]INFO  io.github.bonigarcia.wdm.WebDriverManager - Using chromedriver 127.0.6533.119 (resolved driver for Chrome 127)
00:56:41.323 [TestNG-tests-1]INFO  io.github.bonigarcia.wdm.WebDriverManager - Using chromedriver 127.0.6533.119 (resolved driver for Chrome 127)
00:56:41.344 [TestNG-tests-2]INFO  io.github.bonigarcia.wdm.WebDriverManager - Exporting webdriver.chrome.driver as C:\Users\dhawa\.cache\selenium\chromedriver\win64\127.0.6533.119\chromedriver.exe
00:56:41.344 [TestNG-tests-1]INFO  io.github.bonigarcia.wdm.WebDriverManager - Exporting webdriver.chrome.driver as C:\Users\dhawa\.cache\selenium\chromedriver\win64\127.0.6533.119\chromedriver.exe
00:56:42.661 [TestNG-tests-2]INFO  com.automationexcercise.automationUtilities.BaseSteps - url  from .properties file is :https://automationexercise.com/
00:56:42.661 [TestNG-tests-1]INFO  com.automationexcercise.automationUtilities.BaseSteps - url  from .properties file is :https://automationexercise.com/
00:56:42.661 [TestNG-tests-2]INFO  com.automationexcercise.automationUtilities.BaseSteps - Navigating to the URL
00:56:42.661 [TestNG-tests-1]INFO  com.automationexcercise.automationUtilities.BaseSteps - Navigating to the URL
00:56:45.316 [TestNG-tests-2]INFO  com.automationexcercise.testCases.TC02_UserLogin - Click on signUp Or Log in Link
00:56:45.316 [TestNG-tests-1]INFO  com.automationexcercise.testCases.TC01_OpenLoginPage - Click on signUp Or Log in Link
00:56:46.536 [TestNG-tests-1]INFO  com.automationexcercise.pageClasses.HomePage - Clicked on Sign up or Log in Link
00:56:46.536 [TestNG-tests-1]INFO  com.automationexcercise.testCases.TC01_OpenLoginPage - verify page title
00:56:46.538 [TestNG-tests-1]INFO  com.automationexcercise.pageClasses.SignUpLoginPage - Expected page title is: Automation Exercise - Signup / Login
00:56:46.550 [TestNG-tests-1]INFO  com.automationexcercise.pageClasses.SignUpLoginPage - Actual Page tile is matching with expected page title value
00:56:46.597 [AsyncHttpClient-1-7]WARN  org.asynchttpclient.netty.handler.WebSocketHandler - onError
java.net.SocketException: Connection reset
	at sun.nio.ch.SocketChannelImpl.throwConnectionReset(SocketChannelImpl.java:403) ~[?:?]
	at sun.nio.ch.SocketChannelImpl.implRead(SocketChannelImpl.java:435) ~[?:?]
	at sun.nio.ch.SocketChannelImpl.read(SocketChannelImpl.java:493) ~[?:?]
	at io.netty.buffer.PooledByteBuf.setBytes(PooledByteBuf.java:254) ~[netty-buffer-4.1.96.Final.jar:4.1.96.Final]
	at io.netty.buffer.AbstractByteBuf.writeBytes(AbstractByteBuf.java:1132) ~[netty-buffer-4.1.96.Final.jar:4.1.96.Final]
	at io.netty.channel.socket.nio.NioSocketChannel.doReadBytes(NioSocketChannel.java:357) ~[netty-transport-4.1.96.Final.jar:4.1.96.Final]
	at io.netty.channel.nio.AbstractNioByteChannel$NioByteUnsafe.read(AbstractNioByteChannel.java:151) ~[netty-transport-4.1.96.Final.jar:4.1.96.Final]
	at io.netty.channel.nio.NioEventLoop.processSelectedKey(NioEventLoop.java:788) ~[netty-transport-4.1.96.Final.jar:4.1.96.Final]
	at io.netty.channel.nio.NioEventLoop.processSelectedKeysOptimized(NioEventLoop.java:724) ~[netty-transport-4.1.96.Final.jar:4.1.96.Final]
	at io.netty.channel.nio.NioEventLoop.processSelectedKeys(NioEventLoop.java:650) ~[netty-transport-4.1.96.Final.jar:4.1.96.Final]
	at io.netty.channel.nio.NioEventLoop.run(NioEventLoop.java:562) ~[netty-transport-4.1.96.Final.jar:4.1.96.Final]
	at io.netty.util.concurrent.SingleThreadEventExecutor$4.run(SingleThreadEventExecutor.java:997) ~[netty-common-4.1.96.Final.jar:4.1.96.Final]
	at io.netty.util.internal.ThreadExecutorMap$2.run(ThreadExecutorMap.java:74) ~[netty-common-4.1.96.Final.jar:4.1.96.Final]
	at io.netty.util.concurrent.FastThreadLocalRunnable.run(FastThreadLocalRunnable.java:30) ~[netty-common-4.1.96.Final.jar:4.1.96.Final]
	at java.lang.Thread.run(Thread.java:1570) [?:?]
00:56:46.850 [TestNG-tests-1]INFO  com.automationexcercise.automationUtilities.BaseSteps - Closed  browser driver 
00:56:47.388 [TestNG-tests-2]INFO  com.automationexcercise.pageClasses.HomePage - Clicked on Sign up or Log in Link
00:56:47.388 [TestNG-tests-2]INFO  com.automationexcercise.testCases.TC02_UserLogin - verify page title
00:56:47.388 [TestNG-tests-2]INFO  com.automationexcercise.pageClasses.SignUpLoginPage - Expected page title is: Automation Exercise - Signup / Login
00:56:47.405 [TestNG-tests-2]INFO  com.automationexcercise.pageClasses.SignUpLoginPage - Actual Page tile is matching with expected page title value
00:56:47.405 [TestNG-tests-2]INFO  com.automationexcercise.testCases.TC02_UserLogin - Enter  user name
00:56:47.663 [TestNG-tests-2]INFO  com.automationexcercise.pageClasses.SignUpLoginPage - Entered user name : QAAutomationClasses@gmail.com
00:56:47.672 [TestNG-tests-2]INFO  com.automationexcercise.testCases.TC02_UserLogin - Enter  password
00:56:47.810 [TestNG-tests-2]INFO  com.automationexcercise.pageClasses.SignUpLoginPage - Entered password : QAAutomationClasses
00:56:47.816 [TestNG-tests-2]INFO  com.automationexcercise.testCases.TC02_UserLogin - Click login Button
00:56:49.288 [TestNG-tests-2]INFO  com.automationexcercise.pageClasses.SignUpLoginPage - Successfully clicked on login button
00:56:49.288 [TestNG-tests-2]INFO  com.automationexcercise.testCases.TC02_UserLogin - Verify User home page title
00:56:49.288 [TestNG-tests-2]INFO  com.automationexcercise.pageClasses.UserHomePage - Expected page title is: Automation Exercise
00:56:49.315 [TestNG-tests-2]INFO  com.automationexcercise.pageClasses.UserHomePage - Actual Page tile is matching with expected page title value
00:56:49.323 [TestNG-tests-2]INFO  com.automationexcercise.testCases.TC02_UserLogin - Click logout link
00:56:50.913 [TestNG-tests-2]INFO  com.automationexcercise.pageClasses.UserHomePage - Clicked on logout link
00:56:51.180 [TestNG-tests-2]INFO  com.automationexcercise.automationUtilities.BaseSteps - Closed  browser driver 
01:02:49.806 [main]WARN  org.testng.xml.TestNGContentHandler - It is strongly recommended to add "<!DOCTYPE suite SYSTEM "https://testng.org/testng-1.0.dtd" >" at the top of the suite file [C:\Users\dhawa\eclipse-workspace\seleniumFrameworkDemo\testng.xml] otherwise TestNG may fail or not work as expected.
01:02:50.430 [TestNG-tests-1]INFO  com.automationexcercise.automationUtilities.BaseSteps - Browser info passed from command line is :chrome
01:02:50.926 [TestNG-tests-1]INFO  io.github.bonigarcia.wdm.WebDriverManager - Using chromedriver 127.0.6533.119 (resolved driver for Chrome 127)
01:02:50.971 [TestNG-tests-1]INFO  io.github.bonigarcia.wdm.WebDriverManager - Exporting webdriver.chrome.driver as C:\Users\dhawa\.cache\selenium\chromedriver\win64\127.0.6533.119\chromedriver.exe
01:02:51.206 [TestNG-tests-2]INFO  com.automationexcercise.automationUtilities.BaseSteps - Browser info passed from command line is :chrome
01:02:51.227 [TestNG-tests-2]INFO  io.github.bonigarcia.wdm.WebDriverManager - Using chromedriver 127.0.6533.119 (resolved driver for Chrome 127)
01:02:51.242 [TestNG-tests-2]INFO  io.github.bonigarcia.wdm.WebDriverManager - Exporting webdriver.chrome.driver as C:\Users\dhawa\.cache\selenium\chromedriver\win64\127.0.6533.119\chromedriver.exe
01:02:53.457 [TestNG-tests-2]INFO  com.automationexcercise.automationUtilities.BaseSteps - url  from .properties file is :https://automationexercise.com/
01:02:53.457 [TestNG-tests-1]INFO  com.automationexcercise.automationUtilities.BaseSteps - url  from .properties file is :https://automationexercise.com/
01:02:53.458 [TestNG-tests-2]INFO  com.automationexcercise.automationUtilities.BaseSteps - Navigating to the URL
01:02:53.458 [TestNG-tests-1]INFO  com.automationexcercise.automationUtilities.BaseSteps - Navigating to the URL
01:02:56.701 [TestNG-tests-1]INFO  com.automationexcercise.testCases.TC01_OpenLoginPage - Click on signUp Or Log in Link
01:02:57.516 [TestNG-tests-2]INFO  com.automationexcercise.testCases.TC02_UserLogin - Click on signUp Or Log in Link
01:02:58.441 [TestNG-tests-1]INFO  com.automationexcercise.pageClasses.HomePage - Clicked on Sign up or Log in Link
01:02:58.442 [TestNG-tests-1]INFO  com.automationexcercise.testCases.TC01_OpenLoginPage - verify page title
01:02:58.446 [TestNG-tests-1]INFO  com.automationexcercise.pageClasses.SignUpLoginPage - Expected page title is: Automation Exercise - Signup / Login
01:02:58.459 [TestNG-tests-1]INFO  com.automationexcercise.pageClasses.SignUpLoginPage - Actual Page tile is matching with expected page title value
01:02:58.781 [TestNG-tests-1]INFO  com.automationexcercise.automationUtilities.BaseSteps - Closed  browser driver 
01:02:59.224 [TestNG-tests-2]INFO  com.automationexcercise.pageClasses.HomePage - Clicked on Sign up or Log in Link
01:02:59.225 [TestNG-tests-2]INFO  com.automationexcercise.testCases.TC02_UserLogin - verify page title
01:02:59.226 [TestNG-tests-2]INFO  com.automationexcercise.pageClasses.SignUpLoginPage - Expected page title is: Automation Exercise - Signup / Login
01:02:59.244 [TestNG-tests-2]INFO  com.automationexcercise.pageClasses.SignUpLoginPage - Actual Page tile is matching with expected page title value
01:02:59.246 [TestNG-tests-2]INFO  com.automationexcercise.testCases.TC02_UserLogin - Enter  user name
01:02:59.686 [TestNG-tests-2]INFO  com.automationexcercise.pageClasses.SignUpLoginPage - Entered user name : QAAutomationClasses@gmail.com
01:02:59.693 [TestNG-tests-2]INFO  com.automationexcercise.testCases.TC02_UserLogin - Enter  password
01:02:59.832 [TestNG-tests-2]INFO  com.automationexcercise.pageClasses.SignUpLoginPage - Entered password : QAAutomationClasses
01:02:59.836 [TestNG-tests-2]INFO  com.automationexcercise.testCases.TC02_UserLogin - Click login Button
01:03:12.208 [TestNG-tests-2]INFO  com.automationexcercise.pageClasses.SignUpLoginPage - Successfully clicked on login button
01:03:12.211 [TestNG-tests-2]INFO  com.automationexcercise.testCases.TC02_UserLogin - Verify User home page title
01:03:12.213 [TestNG-tests-2]INFO  com.automationexcercise.pageClasses.UserHomePage - Expected page title is: Automation Exercise
01:03:12.229 [TestNG-tests-2]INFO  com.automationexcercise.pageClasses.UserHomePage - Actual Page tile is matching with expected page title value
01:03:12.233 [TestNG-tests-2]INFO  com.automationexcercise.testCases.TC02_UserLogin - Click logout link
01:03:14.497 [TestNG-tests-2]INFO  com.automationexcercise.pageClasses.UserHomePage - Clicked on logout link
01:03:14.691 [TestNG-tests-2]INFO  com.automationexcercise.automationUtilities.BaseSteps - Closed  browser driver 
01:08:53.803 [main]WARN  org.testng.xml.TestNGContentHandler - It is strongly recommended to add "<!DOCTYPE suite SYSTEM "https://testng.org/testng-1.0.dtd" >" at the top of the suite file [C:\Users\dhawa\eclipse-workspace\seleniumFrameworkDemo\testng.xml] otherwise TestNG may fail or not work as expected.
01:08:54.178 [TestNG-tests-1]INFO  com.automationexcercise.automationUtilities.BaseSteps - Browser info passed from command line is :chrome
01:08:54.651 [TestNG-tests-1]INFO  io.github.bonigarcia.wdm.WebDriverManager - Using chromedriver 127.0.6533.119 (resolved driver for Chrome 127)
01:08:54.673 [TestNG-tests-1]INFO  io.github.bonigarcia.wdm.WebDriverManager - Exporting webdriver.chrome.driver as C:\Users\dhawa\.cache\selenium\chromedriver\win64\127.0.6533.119\chromedriver.exe
01:08:54.877 [TestNG-tests-2]INFO  com.automationexcercise.automationUtilities.BaseSteps - Browser info passed from command line is :chrome
01:08:54.895 [TestNG-tests-2]INFO  io.github.bonigarcia.wdm.WebDriverManager - Using chromedriver 127.0.6533.119 (resolved driver for Chrome 127)
01:08:54.903 [TestNG-tests-2]INFO  io.github.bonigarcia.wdm.WebDriverManager - Exporting webdriver.chrome.driver as C:\Users\dhawa\.cache\selenium\chromedriver\win64\127.0.6533.119\chromedriver.exe
01:08:56.365 [TestNG-tests-1]INFO  com.automationexcercise.automationUtilities.BaseSteps - url  from .properties file is :https://automationexercise.com/
01:08:56.365 [TestNG-tests-2]INFO  com.automationexcercise.automationUtilities.BaseSteps - url  from .properties file is :https://automationexercise.com/
01:08:56.365 [TestNG-tests-1]INFO  com.automationexcercise.automationUtilities.BaseSteps - Navigating to the URL
01:08:56.365 [TestNG-tests-2]INFO  com.automationexcercise.automationUtilities.BaseSteps - Navigating to the URL
01:08:59.030 [TestNG-tests-1]INFO  com.automationexcercise.testCases.TC01_OpenLoginPage - Click on signUp Or Log in Link
01:08:59.168 [TestNG-tests-2]INFO  com.automationexcercise.testCases.TC02_UserLogin - Click on signUp Or Log in Link
01:09:00.158 [TestNG-tests-1]INFO  com.automationexcercise.pageClasses.HomePage - Clicked on Sign up or Log in Link
01:09:00.160 [TestNG-tests-1]INFO  com.automationexcercise.testCases.TC01_OpenLoginPage - verify page title
01:09:00.163 [TestNG-tests-1]INFO  com.automationexcercise.pageClasses.SignUpLoginPage - Expected page title is: Automation Exercise - Signup / Login
01:09:00.172 [TestNG-tests-1]INFO  com.automationexcercise.pageClasses.SignUpLoginPage - Actual Page tile is matching with expected page title value
01:09:00.243 [AsyncHttpClient-1-7]WARN  org.asynchttpclient.netty.handler.WebSocketHandler - onError
java.net.SocketException: Connection reset
	at sun.nio.ch.SocketChannelImpl.throwConnectionReset(SocketChannelImpl.java:403) ~[?:?]
	at sun.nio.ch.SocketChannelImpl.implRead(SocketChannelImpl.java:435) ~[?:?]
	at sun.nio.ch.SocketChannelImpl.read(SocketChannelImpl.java:493) ~[?:?]
	at io.netty.buffer.PooledByteBuf.setBytes(PooledByteBuf.java:254) ~[netty-buffer-4.1.96.Final.jar:4.1.96.Final]
	at io.netty.buffer.AbstractByteBuf.writeBytes(AbstractByteBuf.java:1132) ~[netty-buffer-4.1.96.Final.jar:4.1.96.Final]
	at io.netty.channel.socket.nio.NioSocketChannel.doReadBytes(NioSocketChannel.java:357) ~[netty-transport-4.1.96.Final.jar:4.1.96.Final]
	at io.netty.channel.nio.AbstractNioByteChannel$NioByteUnsafe.read(AbstractNioByteChannel.java:151) ~[netty-transport-4.1.96.Final.jar:4.1.96.Final]
	at io.netty.channel.nio.NioEventLoop.processSelectedKey(NioEventLoop.java:788) ~[netty-transport-4.1.96.Final.jar:4.1.96.Final]
	at io.netty.channel.nio.NioEventLoop.processSelectedKeysOptimized(NioEventLoop.java:724) ~[netty-transport-4.1.96.Final.jar:4.1.96.Final]
	at io.netty.channel.nio.NioEventLoop.processSelectedKeys(NioEventLoop.java:650) ~[netty-transport-4.1.96.Final.jar:4.1.96.Final]
	at io.netty.channel.nio.NioEventLoop.run(NioEventLoop.java:562) ~[netty-transport-4.1.96.Final.jar:4.1.96.Final]
	at io.netty.util.concurrent.SingleThreadEventExecutor$4.run(SingleThreadEventExecutor.java:997) ~[netty-common-4.1.96.Final.jar:4.1.96.Final]
	at io.netty.util.internal.ThreadExecutorMap$2.run(ThreadExecutorMap.java:74) ~[netty-common-4.1.96.Final.jar:4.1.96.Final]
	at io.netty.util.concurrent.FastThreadLocalRunnable.run(FastThreadLocalRunnable.java:30) ~[netty-common-4.1.96.Final.jar:4.1.96.Final]
	at java.lang.Thread.run(Thread.java:1570) [?:?]
01:09:00.282 [TestNG-tests-2]INFO  com.automationexcercise.pageClasses.HomePage - Clicked on Sign up or Log in Link
01:09:00.283 [TestNG-tests-2]INFO  com.automationexcercise.testCases.TC02_UserLogin - verify page title
01:09:00.284 [TestNG-tests-2]INFO  com.automationexcercise.pageClasses.SignUpLoginPage - Expected page title is: Automation Exercise - Signup / Login
01:09:00.293 [TestNG-tests-2]INFO  com.automationexcercise.pageClasses.SignUpLoginPage - Actual Page tile is matching with expected page title value
01:09:00.294 [TestNG-tests-2]INFO  com.automationexcercise.testCases.TC02_UserLogin - Enter  user name
01:09:00.624 [TestNG-tests-2]INFO  com.automationexcercise.pageClasses.SignUpLoginPage - Entered user name : QAAutomationClasses@gmail.com
01:09:00.628 [TestNG-tests-2]INFO  com.automationexcercise.testCases.TC02_UserLogin - Enter  password
01:09:00.684 [TestNG-tests-1]INFO  com.automationexcercise.automationUtilities.BaseSteps - Closed  browser driver 
01:09:00.779 [TestNG-tests-2]INFO  com.automationexcercise.pageClasses.SignUpLoginPage - Entered password : QAAutomationClasses
01:09:00.782 [TestNG-tests-2]INFO  com.automationexcercise.testCases.TC02_UserLogin - Click login Button
01:09:03.143 [TestNG-tests-2]INFO  com.automationexcercise.pageClasses.SignUpLoginPage - Successfully clicked on login button
01:09:03.147 [TestNG-tests-2]INFO  com.automationexcercise.testCases.TC02_UserLogin - Verify User home page title
01:09:03.147 [TestNG-tests-2]INFO  com.automationexcercise.pageClasses.UserHomePage - Expected page title is: Automation Exercise
01:09:03.167 [TestNG-tests-2]INFO  com.automationexcercise.pageClasses.UserHomePage - Actual Page tile is matching with expected page title value
01:09:03.180 [TestNG-tests-2]INFO  com.automationexcercise.testCases.TC02_UserLogin - Click logout link
01:09:04.928 [TestNG-tests-2]INFO  com.automationexcercise.pageClasses.UserHomePage - Clicked on logout link
01:09:05.207 [TestNG-tests-2]INFO  com.automationexcercise.automationUtilities.BaseSteps - Closed  browser driver 
01:12:42.461 [main]WARN  org.testng.xml.TestNGContentHandler - It is strongly recommended to add "<!DOCTYPE suite SYSTEM "https://testng.org/testng-1.0.dtd" >" at the top of the suite file [C:\Users\dhawa\eclipse-workspace\seleniumFrameworkDemo\testng.xml] otherwise TestNG may fail or not work as expected.
01:12:42.832 [TestNG-tests-1]INFO  com.automationexcercise.automationUtilities.BaseSteps - Browser info passed from command line is :firefox
01:12:43.442 [TestNG-tests-2]INFO  com.automationexcercise.automationUtilities.BaseSteps - Browser info passed from command line is :firefox
01:12:47.042 [TestNG-tests-1]INFO  com.automationexcercise.testCases.TC01_OpenLoginPage - Click on signUp Or Log in Link
01:12:49.979 [TestNG-tests-2]INFO  com.automationexcercise.automationUtilities.BaseSteps - url  from .properties file is :https://automationexercise.com/
01:12:49.980 [TestNG-tests-2]INFO  com.automationexcercise.automationUtilities.BaseSteps - Navigating to the URL
01:12:53.501 [TestNG-tests-2]INFO  com.automationexcercise.testCases.TC02_UserLogin - Click on signUp Or Log in Link
01:12:55.122 [TestNG-tests-2]INFO  com.automationexcercise.pageClasses.HomePage - Clicked on Sign up or Log in Link
01:12:55.122 [TestNG-tests-2]INFO  com.automationexcercise.testCases.TC02_UserLogin - verify page title
01:12:55.124 [TestNG-tests-2]INFO  com.automationexcercise.pageClasses.SignUpLoginPage - Expected page title is: Automation Exercise - Signup / Login
01:12:55.131 [TestNG-tests-2]INFO  com.automationexcercise.pageClasses.SignUpLoginPage - Actual Page tile is matching with expected page title value
01:12:55.133 [TestNG-tests-2]INFO  com.automationexcercise.testCases.TC02_UserLogin - Enter  user name
01:12:55.217 [TestNG-tests-2]INFO  com.automationexcercise.pageClasses.SignUpLoginPage - Entered user name : QAAutomationClasses@gmail.com
01:12:55.220 [TestNG-tests-2]INFO  com.automationexcercise.testCases.TC02_UserLogin - Enter  password
01:12:55.243 [TestNG-tests-2]INFO  com.automationexcercise.pageClasses.SignUpLoginPage - Entered password : QAAutomationClasses
01:12:55.247 [TestNG-tests-2]INFO  com.automationexcercise.testCases.TC02_UserLogin - Click login Button
01:12:57.063 [TestNG-tests-2]INFO  com.automationexcercise.pageClasses.SignUpLoginPage - Successfully clicked on login button
01:13:37.550 [TestNG-tests-2]INFO  com.automationexcercise.automationUtilities.BaseSteps - Browser info passed from command line is :null
01:13:37.559 [TestNG-tests-2]INFO  com.automationexcercise.testCases.TC02_UserLogin - Click on signUp Or Log in Link
01:14:15.926 [main]WARN  org.testng.xml.TestNGContentHandler - It is strongly recommended to add "<!DOCTYPE suite SYSTEM "https://testng.org/testng-1.0.dtd" >" at the top of the suite file [C:\Users\dhawa\eclipse-workspace\seleniumFrameworkDemo\testng.xml] otherwise TestNG may fail or not work as expected.
01:14:16.190 [TestNG-tests-1]INFO  com.automationexcercise.automationUtilities.BaseSteps - Browser info passed from command line is :firefox
01:14:16.804 [TestNG-tests-2]INFO  com.automationexcercise.automationUtilities.BaseSteps - Browser info passed from command line is :firefox
01:14:20.465 [TestNG-tests-2]INFO  com.automationexcercise.automationUtilities.BaseSteps - url  from .properties file is :https://automationexercise.com/
01:14:20.465 [TestNG-tests-1]INFO  com.automationexcercise.automationUtilities.BaseSteps - url  from .properties file is :https://automationexercise.com/
01:14:20.465 [TestNG-tests-2]INFO  com.automationexcercise.automationUtilities.BaseSteps - Navigating to the URL
01:14:20.465 [TestNG-tests-1]INFO  com.automationexcercise.automationUtilities.BaseSteps - Navigating to the URL
01:14:29.675 [TestNG-tests-2]INFO  com.automationexcercise.testCases.TC02_UserLogin - Click on signUp Or Log in Link
01:14:30.104 [TestNG-tests-1]INFO  com.automationexcercise.testCases.TC01_OpenLoginPage - Click on signUp Or Log in Link
01:14:31.331 [TestNG-tests-2]INFO  com.automationexcercise.pageClasses.HomePage - Clicked on Sign up or Log in Link
01:14:31.332 [TestNG-tests-2]INFO  com.automationexcercise.testCases.TC02_UserLogin - verify page title
01:14:31.333 [TestNG-tests-2]INFO  com.automationexcercise.pageClasses.SignUpLoginPage - Expected page title is: Automation Exercise - Signup / Login
01:14:31.340 [TestNG-tests-2]INFO  com.automationexcercise.pageClasses.SignUpLoginPage - Actual Page tile is matching with expected page title value
01:14:31.343 [TestNG-tests-2]INFO  com.automationexcercise.testCases.TC02_UserLogin - Enter  user name
01:14:31.406 [TestNG-tests-2]INFO  com.automationexcercise.pageClasses.SignUpLoginPage - Entered user name : QAAutomationClasses@gmail.com
01:14:31.414 [TestNG-tests-2]INFO  com.automationexcercise.testCases.TC02_UserLogin - Enter  password
01:14:31.458 [TestNG-tests-2]INFO  com.automationexcercise.pageClasses.SignUpLoginPage - Entered password : QAAutomationClasses
01:14:31.471 [TestNG-tests-2]INFO  com.automationexcercise.testCases.TC02_UserLogin - Click login Button
01:14:31.571 [TestNG-tests-1]INFO  com.automationexcercise.pageClasses.HomePage - Clicked on Sign up or Log in Link
01:14:31.572 [TestNG-tests-1]INFO  com.automationexcercise.testCases.TC01_OpenLoginPage - verify page title
01:14:31.574 [TestNG-tests-1]INFO  com.automationexcercise.pageClasses.SignUpLoginPage - Expected page title is: Automation Exercise - Signup / Login
01:14:31.580 [TestNG-tests-1]INFO  com.automationexcercise.pageClasses.SignUpLoginPage - Actual Page tile is matching with expected page title value
01:14:32.654 [TestNG-tests-1]INFO  com.automationexcercise.automationUtilities.BaseSteps - Closed  browser driver 
01:14:34.321 [TestNG-tests-2]INFO  com.automationexcercise.pageClasses.SignUpLoginPage - Successfully clicked on login button
01:14:34.337 [TestNG-tests-2]INFO  com.automationexcercise.testCases.TC02_UserLogin - Verify User home page title
01:14:34.337 [TestNG-tests-2]INFO  com.automationexcercise.pageClasses.UserHomePage - Expected page title is: Automation Exercise
01:14:34.337 [TestNG-tests-2]INFO  com.automationexcercise.pageClasses.UserHomePage - Actual Page tile is matching with expected page title value
01:14:34.353 [TestNG-tests-2]INFO  com.automationexcercise.testCases.TC02_UserLogin - Click logout link
01:14:35.985 [TestNG-tests-2]INFO  com.automationexcercise.pageClasses.UserHomePage - Clicked on logout link
01:14:37.399 [TestNG-tests-2]INFO  com.automationexcercise.automationUtilities.BaseSteps - Closed  browser driver 
01:18:41.272 [TestNG-tests-2]INFO  com.automationexcercise.automationUtilities.BaseSteps - Browser info passed from command line is :null
01:18:41.280 [TestNG-tests-2]INFO  com.automationexcercise.testCases.TC02_UserLogin - Click on signUp Or Log in Link
01:19:08.174 [main]WARN  org.testng.xml.TestNGContentHandler - It is strongly recommended to add "<!DOCTYPE suite SYSTEM "https://testng.org/testng-1.0.dtd" >" at the top of the suite file [C:\Users\dhawa\eclipse-workspace\seleniumFrameworkDemo\testng.xml] otherwise TestNG may fail or not work as expected.
01:19:08.598 [TestNG-tests-1]INFO  com.automationexcercise.automationUtilities.BaseSteps - Browser info passed from command line is :firefox
01:19:09.288 [TestNG-tests-2]INFO  com.automationexcercise.automationUtilities.BaseSteps - Browser info passed from command line is :firefox
01:19:12.864 [TestNG-tests-2]INFO  com.automationexcercise.automationUtilities.BaseSteps - url  from .properties file is :https://automationexercise.com/
01:19:12.864 [TestNG-tests-1]INFO  com.automationexcercise.automationUtilities.BaseSteps - url  from .properties file is :https://automationexercise.com/
01:19:12.865 [TestNG-tests-2]INFO  com.automationexcercise.automationUtilities.BaseSteps - Navigating to the URL
01:19:12.865 [TestNG-tests-1]INFO  com.automationexcercise.automationUtilities.BaseSteps - Navigating to the URL
01:19:16.653 [TestNG-tests-1]INFO  com.automationexcercise.testCases.TC01_OpenLoginPage - Click on signUp Or Log in Link
01:19:18.247 [TestNG-tests-2]INFO  com.automationexcercise.testCases.TC02_UserLogin - Click on signUp Or Log in Link
01:19:18.265 [TestNG-tests-1]INFO  com.automationexcercise.pageClasses.HomePage - Clicked on Sign up or Log in Link
01:19:18.265 [TestNG-tests-1]INFO  com.automationexcercise.testCases.TC01_OpenLoginPage - verify page title
01:19:18.269 [TestNG-tests-1]INFO  com.automationexcercise.pageClasses.SignUpLoginPage - Expected page title is: Automation Exercise - Signup / Login
01:19:18.269 [TestNG-tests-1]INFO  com.automationexcercise.pageClasses.SignUpLoginPage - Actual Page tile is matching with expected page title value
01:19:19.955 [TestNG-tests-2]INFO  com.automationexcercise.pageClasses.HomePage - Clicked on Sign up or Log in Link
01:19:19.955 [TestNG-tests-2]INFO  com.automationexcercise.testCases.TC02_UserLogin - verify page title
01:19:19.956 [TestNG-tests-2]INFO  com.automationexcercise.pageClasses.SignUpLoginPage - Expected page title is: Automation Exercise - Signup / Login
01:19:19.960 [TestNG-tests-2]INFO  com.automationexcercise.pageClasses.SignUpLoginPage - Actual Page tile is matching with expected page title value
01:19:19.960 [TestNG-tests-2]INFO  com.automationexcercise.testCases.TC02_UserLogin - Enter  user name
01:19:20.009 [TestNG-tests-1]INFO  com.automationexcercise.automationUtilities.BaseSteps - Closed  browser driver 
01:19:20.070 [TestNG-tests-2]INFO  com.automationexcercise.pageClasses.SignUpLoginPage - Entered user name : QAAutomationClasses@gmail.com
01:19:20.079 [TestNG-tests-2]INFO  com.automationexcercise.testCases.TC02_UserLogin - Enter  password
01:19:20.131 [TestNG-tests-2]INFO  com.automationexcercise.pageClasses.SignUpLoginPage - Entered password : QAAutomationClasses
01:19:20.138 [TestNG-tests-2]INFO  com.automationexcercise.testCases.TC02_UserLogin - Click login Button
01:19:24.058 [TestNG-tests-2]INFO  com.automationexcercise.pageClasses.SignUpLoginPage - Successfully clicked on login button
01:19:24.074 [TestNG-tests-2]INFO  com.automationexcercise.testCases.TC02_UserLogin - Verify User home page title
01:19:24.074 [TestNG-tests-2]INFO  com.automationexcercise.pageClasses.UserHomePage - Expected page title is: Automation Exercise
01:19:24.090 [TestNG-tests-2]INFO  com.automationexcercise.pageClasses.UserHomePage - Actual Page tile is matching with expected page title value
01:19:24.090 [TestNG-tests-2]INFO  com.automationexcercise.testCases.TC02_UserLogin - Click logout link
01:19:26.462 [TestNG-tests-2]INFO  com.automationexcercise.pageClasses.UserHomePage - Clicked on logout link
01:19:27.918 [TestNG-tests-2]INFO  com.automationexcercise.automationUtilities.BaseSteps - Closed  browser driver 
01:37:18.487 [main]INFO  com.automationexcercise.automationUtilities.BaseSteps - Browser info passed from command line is :null
01:37:18.542 [main]INFO  com.automationexcercise.testCases.TC02_UserLogin - Click on signUp Or Log in Link
01:37:18.556 [main]INFO  com.automationexcercise.automationUtilities.BaseSteps - Browser info passed from command line is :null
01:37:18.560 [main]INFO  com.automationexcercise.testCases.TC01_OpenLoginPage - Click on signUp Or Log in Link
01:37:46.054 [TestNG-tests-2]INFO  com.automationexcercise.automationUtilities.BaseSteps - Browser info passed from command line is :null
01:37:46.064 [TestNG-tests-2]INFO  com.automationexcercise.testCases.TC02_UserLogin - Click on signUp Or Log in Link
01:38:31.355 [main]INFO  com.automationexcercise.automationUtilities.BaseSteps - Browser info passed from command line is :chrome
01:38:31.716 [main]INFO  io.github.bonigarcia.wdm.WebDriverManager - Using chromedriver 127.0.6533.119 (resolved driver for Chrome 127)
01:38:31.739 [main]INFO  io.github.bonigarcia.wdm.WebDriverManager - Exporting webdriver.chrome.driver as C:\Users\dhawa\.cache\selenium\chromedriver\win64\127.0.6533.119\chromedriver.exe
01:38:33.240 [main]INFO  com.automationexcercise.automationUtilities.BaseSteps - url  from .properties file is :https://automationexercise.com/
01:38:33.240 [main]INFO  com.automationexcercise.automationUtilities.BaseSteps - Navigating to the URL
01:38:36.157 [main]INFO  com.automationexcercise.testCases.TC02_UserLogin - Click on signUp Or Log in Link
01:38:37.765 [main]INFO  com.automationexcercise.pageClasses.HomePage - Clicked on Sign up or Log in Link
01:38:37.766 [main]INFO  com.automationexcercise.testCases.TC02_UserLogin - verify page title
01:38:37.767 [main]INFO  com.automationexcercise.pageClasses.SignUpLoginPage - Expected page title is: Automation Exercise - Signup / Login
01:38:37.774 [main]INFO  com.automationexcercise.pageClasses.SignUpLoginPage - Actual Page tile is matching with expected page title value
01:38:37.776 [main]INFO  com.automationexcercise.testCases.TC02_UserLogin - Enter  user name
01:38:38.006 [main]INFO  com.automationexcercise.pageClasses.SignUpLoginPage - Entered user name : QAAutomationClasses@gmail.com
01:38:38.011 [main]INFO  com.automationexcercise.testCases.TC02_UserLogin - Enter  password
01:38:38.154 [main]INFO  com.automationexcercise.pageClasses.SignUpLoginPage - Entered password : QAAutomationClasses
01:38:38.158 [main]INFO  com.automationexcercise.testCases.TC02_UserLogin - Click login Button
01:38:40.280 [main]INFO  com.automationexcercise.pageClasses.SignUpLoginPage - Successfully clicked on login button
01:38:40.286 [main]INFO  com.automationexcercise.testCases.TC02_UserLogin - Verify User home page title
01:38:40.288 [main]INFO  com.automationexcercise.pageClasses.UserHomePage - Expected page title is: Automation Exercise
01:38:40.303 [main]INFO  com.automationexcercise.pageClasses.UserHomePage - Actual Page tile is matching with expected page title value
01:38:40.307 [main]INFO  com.automationexcercise.testCases.TC02_UserLogin - Click logout link
01:38:41.761 [main]INFO  com.automationexcercise.pageClasses.UserHomePage - Clicked on logout link
01:38:41.834 [AsyncHttpClient-1-4]WARN  org.asynchttpclient.netty.handler.WebSocketHandler - onError
java.net.SocketException: Connection reset
	at sun.nio.ch.SocketChannelImpl.throwConnectionReset(SocketChannelImpl.java:403) ~[?:?]
	at sun.nio.ch.SocketChannelImpl.implRead(SocketChannelImpl.java:435) ~[?:?]
	at sun.nio.ch.SocketChannelImpl.read(SocketChannelImpl.java:493) ~[?:?]
	at io.netty.buffer.PooledByteBuf.setBytes(PooledByteBuf.java:254) ~[netty-buffer-4.1.96.Final.jar:4.1.96.Final]
	at io.netty.buffer.AbstractByteBuf.writeBytes(AbstractByteBuf.java:1132) ~[netty-buffer-4.1.96.Final.jar:4.1.96.Final]
	at io.netty.channel.socket.nio.NioSocketChannel.doReadBytes(NioSocketChannel.java:357) ~[netty-transport-4.1.96.Final.jar:4.1.96.Final]
	at io.netty.channel.nio.AbstractNioByteChannel$NioByteUnsafe.read(AbstractNioByteChannel.java:151) ~[netty-transport-4.1.96.Final.jar:4.1.96.Final]
	at io.netty.channel.nio.NioEventLoop.processSelectedKey(NioEventLoop.java:788) ~[netty-transport-4.1.96.Final.jar:4.1.96.Final]
	at io.netty.channel.nio.NioEventLoop.processSelectedKeysOptimized(NioEventLoop.java:724) ~[netty-transport-4.1.96.Final.jar:4.1.96.Final]
	at io.netty.channel.nio.NioEventLoop.processSelectedKeys(NioEventLoop.java:650) ~[netty-transport-4.1.96.Final.jar:4.1.96.Final]
	at io.netty.channel.nio.NioEventLoop.run(NioEventLoop.java:562) ~[netty-transport-4.1.96.Final.jar:4.1.96.Final]
	at io.netty.util.concurrent.SingleThreadEventExecutor$4.run(SingleThreadEventExecutor.java:997) ~[netty-common-4.1.96.Final.jar:4.1.96.Final]
	at io.netty.util.internal.ThreadExecutorMap$2.run(ThreadExecutorMap.java:74) ~[netty-common-4.1.96.Final.jar:4.1.96.Final]
	at io.netty.util.concurrent.FastThreadLocalRunnable.run(FastThreadLocalRunnable.java:30) ~[netty-common-4.1.96.Final.jar:4.1.96.Final]
	at java.lang.Thread.run(Thread.java:1570) [?:?]
01:38:42.107 [main]INFO  com.automationexcercise.automationUtilities.BaseSteps - Closed  browser driver 
01:38:42.116 [main]INFO  com.automationexcercise.automationUtilities.BaseSteps - Browser info passed from command line is :chrome
01:38:42.184 [main]INFO  io.github.bonigarcia.wdm.WebDriverManager - Using chromedriver 127.0.6533.119 (resolved driver for Chrome 127)
01:38:42.224 [main]INFO  io.github.bonigarcia.wdm.WebDriverManager - Exporting webdriver.chrome.driver as C:\Users\dhawa\.cache\selenium\chromedriver\win64\127.0.6533.119\chromedriver.exe
01:38:42.997 [main]INFO  com.automationexcercise.automationUtilities.BaseSteps - url  from .properties file is :https://automationexercise.com/
01:38:42.998 [main]INFO  com.automationexcercise.automationUtilities.BaseSteps - Navigating to the URL
01:38:45.544 [main]INFO  com.automationexcercise.testCases.TC01_OpenLoginPage - Click on signUp Or Log in Link
01:38:46.705 [main]INFO  com.automationexcercise.pageClasses.HomePage - Clicked on Sign up or Log in Link
01:38:46.705 [main]INFO  com.automationexcercise.testCases.TC01_OpenLoginPage - verify page title
01:38:46.707 [main]INFO  com.automationexcercise.pageClasses.SignUpLoginPage - Expected page title is: Automation Exercise - Signup / Login
01:38:46.725 [main]INFO  com.automationexcercise.pageClasses.SignUpLoginPage - Actual Page tile is matching with expected page title value
01:38:46.941 [main]INFO  com.automationexcercise.automationUtilities.BaseSteps - Closed  browser driver 
02:20:30.349 [TestNG-tests-1]INFO  com.automationexcercise.automationUtilities.BaseSteps - Browser info passed from command line is :chrome
02:20:30.723 [TestNG-tests-2]INFO  com.automationexcercise.automationUtilities.BaseSteps - Browser info passed from command line is :chrome
02:20:31.463 [TestNG-tests-2]INFO  io.github.bonigarcia.wdm.WebDriverManager - Using chromedriver 127.0.6533.119 (resolved driver for Chrome 127)
02:20:31.463 [TestNG-tests-1]INFO  io.github.bonigarcia.wdm.WebDriverManager - Using chromedriver 127.0.6533.119 (resolved driver for Chrome 127)
02:20:31.503 [TestNG-tests-2]INFO  io.github.bonigarcia.wdm.WebDriverManager - Exporting webdriver.chrome.driver as C:\Users\dhawa\.cache\selenium\chromedriver\win64\127.0.6533.119\chromedriver.exe
02:20:31.503 [TestNG-tests-1]INFO  io.github.bonigarcia.wdm.WebDriverManager - Exporting webdriver.chrome.driver as C:\Users\dhawa\.cache\selenium\chromedriver\win64\127.0.6533.119\chromedriver.exe
02:20:34.864 [TestNG-tests-1]INFO  com.automationexcercise.automationUtilities.BaseSteps - url  from .properties file is :https://automationexercise.com/
02:20:34.864 [TestNG-tests-2]INFO  com.automationexcercise.automationUtilities.BaseSteps - url  from .properties file is :https://automationexercise.com/
02:20:34.864 [TestNG-tests-1]INFO  com.automationexcercise.automationUtilities.BaseSteps - Navigating to the URL
02:20:34.864 [TestNG-tests-2]INFO  com.automationexcercise.automationUtilities.BaseSteps - Navigating to the URL
02:20:37.950 [TestNG-tests-1]INFO  com.automationexcercise.testCases.TC01_OpenLoginPage - Click on signUp Or Log in Link
02:20:38.509 [TestNG-tests-2]INFO  com.automationexcercise.testCases.TC02_UserLogin - Click on signUp Or Log in Link
02:20:39.559 [TestNG-tests-1]INFO  com.automationexcercise.pageClasses.HomePage - Clicked on Sign up or Log in Link
02:20:39.560 [TestNG-tests-1]INFO  com.automationexcercise.testCases.TC01_OpenLoginPage - verify page title
02:20:39.564 [TestNG-tests-1]INFO  com.automationexcercise.pageClasses.SignUpLoginPage - Expected page title is: Automation Exercise - Signup / Login
02:20:39.582 [TestNG-tests-1]INFO  com.automationexcercise.pageClasses.SignUpLoginPage - Actual Page tile is matching with expected page title value
02:20:39.646 [AsyncHttpClient-1-7]WARN  org.asynchttpclient.netty.handler.WebSocketHandler - onError
java.net.SocketException: Connection reset
	at sun.nio.ch.SocketChannelImpl.throwConnectionReset(SocketChannelImpl.java:401) ~[?:?]
	at sun.nio.ch.SocketChannelImpl.read(SocketChannelImpl.java:434) ~[?:?]
	at io.netty.buffer.PooledByteBuf.setBytes(PooledByteBuf.java:254) ~[netty-buffer-4.1.96.Final.jar:4.1.96.Final]
	at io.netty.buffer.AbstractByteBuf.writeBytes(AbstractByteBuf.java:1132) ~[netty-buffer-4.1.96.Final.jar:4.1.96.Final]
	at io.netty.channel.socket.nio.NioSocketChannel.doReadBytes(NioSocketChannel.java:357) ~[netty-transport-4.1.96.Final.jar:4.1.96.Final]
	at io.netty.channel.nio.AbstractNioByteChannel$NioByteUnsafe.read(AbstractNioByteChannel.java:151) ~[netty-transport-4.1.96.Final.jar:4.1.96.Final]
	at io.netty.channel.nio.NioEventLoop.processSelectedKey(NioEventLoop.java:788) ~[netty-transport-4.1.96.Final.jar:4.1.96.Final]
	at io.netty.channel.nio.NioEventLoop.processSelectedKeysOptimized(NioEventLoop.java:724) ~[netty-transport-4.1.96.Final.jar:4.1.96.Final]
	at io.netty.channel.nio.NioEventLoop.processSelectedKeys(NioEventLoop.java:650) ~[netty-transport-4.1.96.Final.jar:4.1.96.Final]
	at io.netty.channel.nio.NioEventLoop.run(NioEventLoop.java:562) ~[netty-transport-4.1.96.Final.jar:4.1.96.Final]
	at io.netty.util.concurrent.SingleThreadEventExecutor$4.run(SingleThreadEventExecutor.java:997) ~[netty-common-4.1.96.Final.jar:4.1.96.Final]
	at io.netty.util.internal.ThreadExecutorMap$2.run(ThreadExecutorMap.java:74) ~[netty-common-4.1.96.Final.jar:4.1.96.Final]
	at io.netty.util.concurrent.FastThreadLocalRunnable.run(FastThreadLocalRunnable.java:30) ~[netty-common-4.1.96.Final.jar:4.1.96.Final]
	at java.lang.Thread.run(Thread.java:1583) [?:?]
02:20:39.849 [TestNG-tests-1]INFO  com.automationexcercise.automationUtilities.BaseSteps - Closed  browser driver 
02:20:39.996 [TestNG-tests-2]INFO  com.automationexcercise.pageClasses.HomePage - Clicked on Sign up or Log in Link
02:20:39.997 [TestNG-tests-2]INFO  com.automationexcercise.testCases.TC02_UserLogin - verify page title
02:20:39.999 [TestNG-tests-2]INFO  com.automationexcercise.pageClasses.SignUpLoginPage - Expected page title is: Automation Exercise - Signup / Login
02:20:40.015 [TestNG-tests-2]INFO  com.automationexcercise.pageClasses.SignUpLoginPage - Actual Page tile is matching with expected page title value
02:20:40.016 [TestNG-tests-2]INFO  com.automationexcercise.testCases.TC02_UserLogin - Enter  user name
02:20:40.302 [TestNG-tests-2]INFO  com.automationexcercise.pageClasses.SignUpLoginPage - Entered user name : QAAutomationClasses@gmail.com
02:20:40.306 [TestNG-tests-2]INFO  com.automationexcercise.testCases.TC02_UserLogin - Enter  password
02:20:40.388 [TestNG-tests-2]INFO  com.automationexcercise.pageClasses.SignUpLoginPage - Entered password : QAAutomationClasses
02:20:40.391 [TestNG-tests-2]INFO  com.automationexcercise.testCases.TC02_UserLogin - Click login Button
02:20:42.363 [TestNG-tests-2]INFO  com.automationexcercise.pageClasses.SignUpLoginPage - Successfully clicked on login button
02:20:42.371 [TestNG-tests-2]INFO  com.automationexcercise.testCases.TC02_UserLogin - Verify User home page title
02:20:42.373 [TestNG-tests-2]INFO  com.automationexcercise.pageClasses.UserHomePage - Expected page title is: Automation Exercise
02:20:42.390 [TestNG-tests-2]INFO  com.automationexcercise.pageClasses.UserHomePage - Actual Page tile is matching with expected page title value
02:20:42.395 [TestNG-tests-2]INFO  com.automationexcercise.testCases.TC02_UserLogin - Click logout link
02:20:44.014 [TestNG-tests-2]INFO  com.automationexcercise.pageClasses.UserHomePage - Clicked on logout link
02:20:44.214 [TestNG-tests-2]INFO  com.automationexcercise.automationUtilities.BaseSteps - Closed  browser driver 
02:21:04.308 [main]INFO  com.automationexcercise.automationUtilities.BaseSteps - Browser info passed from command line is :chrome
02:21:04.699 [main]INFO  io.github.bonigarcia.wdm.WebDriverManager - Using chromedriver 127.0.6533.119 (resolved driver for Chrome 127)
02:21:04.720 [main]INFO  io.github.bonigarcia.wdm.WebDriverManager - Exporting webdriver.chrome.driver as C:\Users\dhawa\.cache\selenium\chromedriver\win64\127.0.6533.119\chromedriver.exe
02:21:06.096 [main]INFO  com.automationexcercise.automationUtilities.BaseSteps - url  from .properties file is :https://automationexercise.com/
02:21:06.097 [main]INFO  com.automationexcercise.automationUtilities.BaseSteps - Navigating to the URL
02:21:09.056 [main]INFO  com.automationexcercise.testCases.TC02_UserLogin - Click on signUp Or Log in Link
02:21:10.194 [main]INFO  com.automationexcercise.pageClasses.HomePage - Clicked on Sign up or Log in Link
02:21:10.195 [main]INFO  com.automationexcercise.testCases.TC02_UserLogin - verify page title
02:21:10.197 [main]INFO  com.automationexcercise.pageClasses.SignUpLoginPage - Expected page title is: Automation Exercise - Signup / Login
02:21:10.206 [main]INFO  com.automationexcercise.pageClasses.SignUpLoginPage - Actual Page tile is matching with expected page title value
02:21:10.208 [main]INFO  com.automationexcercise.testCases.TC02_UserLogin - Enter  user name
02:21:10.289 [main]INFO  com.automationexcercise.pageClasses.SignUpLoginPage - Entered user name : QAAutomationClasses@gmail.com
02:21:10.292 [main]INFO  com.automationexcercise.testCases.TC02_UserLogin - Enter  password
02:21:10.407 [main]INFO  com.automationexcercise.pageClasses.SignUpLoginPage - Entered password : QAAutomationClasses
02:21:10.411 [main]INFO  com.automationexcercise.testCases.TC02_UserLogin - Click login Button
02:21:12.214 [main]INFO  com.automationexcercise.pageClasses.SignUpLoginPage - Successfully clicked on login button
02:21:12.231 [main]INFO  com.automationexcercise.testCases.TC02_UserLogin - Verify User home page title
02:21:12.233 [main]INFO  com.automationexcercise.pageClasses.UserHomePage - Expected page title is: Automation Exercise
02:21:12.243 [main]INFO  com.automationexcercise.pageClasses.UserHomePage - Actual Page tile is matching with expected page title value
02:21:12.250 [main]INFO  com.automationexcercise.testCases.TC02_UserLogin - Click logout link
02:21:13.765 [main]INFO  com.automationexcercise.pageClasses.UserHomePage - Clicked on logout link
02:21:13.824 [AsyncHttpClient-1-4]WARN  org.asynchttpclient.netty.handler.WebSocketHandler - onError
java.net.SocketException: Connection reset
	at sun.nio.ch.SocketChannelImpl.throwConnectionReset(SocketChannelImpl.java:401) ~[?:?]
	at sun.nio.ch.SocketChannelImpl.read(SocketChannelImpl.java:434) ~[?:?]
	at io.netty.buffer.PooledByteBuf.setBytes(PooledByteBuf.java:254) ~[netty-buffer-4.1.96.Final.jar:4.1.96.Final]
	at io.netty.buffer.AbstractByteBuf.writeBytes(AbstractByteBuf.java:1132) ~[netty-buffer-4.1.96.Final.jar:4.1.96.Final]
	at io.netty.channel.socket.nio.NioSocketChannel.doReadBytes(NioSocketChannel.java:357) ~[netty-transport-4.1.96.Final.jar:4.1.96.Final]
	at io.netty.channel.nio.AbstractNioByteChannel$NioByteUnsafe.read(AbstractNioByteChannel.java:151) ~[netty-transport-4.1.96.Final.jar:4.1.96.Final]
	at io.netty.channel.nio.NioEventLoop.processSelectedKey(NioEventLoop.java:788) ~[netty-transport-4.1.96.Final.jar:4.1.96.Final]
	at io.netty.channel.nio.NioEventLoop.processSelectedKeysOptimized(NioEventLoop.java:724) ~[netty-transport-4.1.96.Final.jar:4.1.96.Final]
	at io.netty.channel.nio.NioEventLoop.processSelectedKeys(NioEventLoop.java:650) ~[netty-transport-4.1.96.Final.jar:4.1.96.Final]
	at io.netty.channel.nio.NioEventLoop.run(NioEventLoop.java:562) ~[netty-transport-4.1.96.Final.jar:4.1.96.Final]
	at io.netty.util.concurrent.SingleThreadEventExecutor$4.run(SingleThreadEventExecutor.java:997) ~[netty-common-4.1.96.Final.jar:4.1.96.Final]
	at io.netty.util.internal.ThreadExecutorMap$2.run(ThreadExecutorMap.java:74) ~[netty-common-4.1.96.Final.jar:4.1.96.Final]
	at io.netty.util.concurrent.FastThreadLocalRunnable.run(FastThreadLocalRunnable.java:30) ~[netty-common-4.1.96.Final.jar:4.1.96.Final]
	at java.lang.Thread.run(Thread.java:1583) [?:?]
02:21:14.060 [main]INFO  com.automationexcercise.automationUtilities.BaseSteps - Closed  browser driver 
02:21:14.062 [main]INFO  com.automationexcercise.automationUtilities.BaseSteps - Browser info passed from command line is :chrome
02:21:14.107 [main]INFO  io.github.bonigarcia.wdm.WebDriverManager - Using chromedriver 127.0.6533.119 (resolved driver for Chrome 127)
02:21:14.123 [main]INFO  io.github.bonigarcia.wdm.WebDriverManager - Exporting webdriver.chrome.driver as C:\Users\dhawa\.cache\selenium\chromedriver\win64\127.0.6533.119\chromedriver.exe
02:21:14.953 [main]INFO  com.automationexcercise.automationUtilities.BaseSteps - url  from .properties file is :https://automationexercise.com/
02:21:14.953 [main]INFO  com.automationexcercise.automationUtilities.BaseSteps - Navigating to the URL
02:21:17.816 [main]INFO  com.automationexcercise.testCases.TC01_OpenLoginPage - Click on signUp Or Log in Link
02:21:19.265 [main]INFO  com.automationexcercise.pageClasses.HomePage - Clicked on Sign up or Log in Link
02:21:19.265 [main]INFO  com.automationexcercise.testCases.TC01_OpenLoginPage - verify page title
02:21:19.266 [main]INFO  com.automationexcercise.pageClasses.SignUpLoginPage - Expected page title is: Automation Exercise - Signup / Login
02:21:19.280 [main]INFO  com.automationexcercise.pageClasses.SignUpLoginPage - Actual Page tile is matching with expected page title value
02:21:19.464 [main]INFO  com.automationexcercise.automationUtilities.BaseSteps - Closed  browser driver 
